[Appium] Welcome to Appium v1.7.2
[Appium] Non-default server args:
[Appium]   port: 51673
[Appium]   loglevel: info
[Appium]   chromeDriverPort: 51674
[Appium]   tmpDir: C:\Users\mslin\AppData\Local\Temp\\Katalon\Appium\Temp1521494308309
[Appium] Appium REST http interface listener started on 0.0.0.0:51673
[HTTP] --> GET /wd/hub/status {}
[HTTP] <-- GET /wd/hub/status 200 58 ms - 72 
[HTTP] --> POST /wd/hub/session {"desiredCapabilities":{"browserName":"Chrome","deviceId":"1ca69abf","deviceName":"samsung SM-G900F (Android 7.1.2)","newCommandTimeout":1800,"platform":"ANDROID","platformName":"Android","udid":"1ca69abf"},"capabilities":{"desiredCapabilities":{"browserName":"Chrome","deviceId":"1ca69abf","deviceName":"samsung SM-G900F (Android 7.1.2)","newCommandTimeout":1800,"platform":"ANDROID","platformName":"Android","udid":"1ca69abf"},"firstMatch":[{"browserName":"Chrome","platformName":"android"}]}}
[Appium] Merged W3C capabilities {"desiredCapabilities":{"browserName":"Chrome",... into desiredCapabilities object {"browserName":"Chrome","deviceId":"1ca69abf","...
[Appium] Creating new AndroidDriver (v1.37.0) session
[Appium] Capabilities:
[Appium]   browserName: Chrome
[Appium]   deviceId: 1ca69abf
[Appium]   deviceName: samsung SM-G900F (Android 7.1.2)
[Appium]   newCommandTimeout: 1800
[Appium]   platform: ANDROID
[Appium]   platformName: android
[Appium]   udid: 1ca69abf
[BaseDriver] The following capabilities were provided, but are not recognized by appium: deviceId, platform.
[BaseDriver] Session created with session id: 6e5548cf-e140-4561-89cd-d0dec6e867b1
[AndroidDriver] Java version is: 1.8.0_102
[AndroidDriver] We're going to run a Chrome-based session
[AndroidDriver] Chrome-type package and activity are com.android.chrome and com.google.android.apps.chrome.Main
[ADB] Checking whether adb is present
[ADB] Using adb.exe from C:\Users\mslin\.katalon\tools\android_sdk\platform-tools\adb.exe
[AndroidDriver] Retrieving device list
[AndroidDriver] Using device: 1ca69abf
[ADB] Checking whether adb is present
[AndroidDriver] App file was not listed, instead we're going to run com.android.chrome directly on the device
[AndroidDriver] Starting Android session
[AndroidDriver] setDeviceLanguageCountry requires language or country.
[AndroidDriver] Got language: 'null' and country: 'null'
[ADB] Checking whether aapt is present
[ADB] Using aapt.exe from C:\Users\mslin\.katalon\tools\android_sdk\build-tools\28.0.0\aapt.exe
[ADB] Checking whether aapt is present
[ADB] Getting device platform version
[AndroidDriver] No app sent in, not parsing package/activity
[ADB] No uiautomator process found to kill, continuing...
[AndroidBootstrap] Android bootstrap socket is now connected
[AndroidDriver] Screen already unlocked, doing nothing
[AndroidDriver] Starting a chrome-based browser session
[Chromedriver] Set chromedriver binary as: C:\Users\mslin\AppData\Roaming\npm\node_modules\appium\node_modules\appium-chromedriver\chromedriver\win\chromedriver.exe
[Chromedriver] No old chromedrivers seemed to exist
[Chromedriver] Spawning chromedriver with: C:\Users\mslin\AppData\Roaming\npm\node_modules\appium\node_modules\appium-chromedriver\chromedriver\win\chromedriver.exe --url-base=wd/hub --port=51674 --adb-port=5037 --verbose
[Appium] New AndroidDriver session created successfully, session 6e5548cf-e140-4561-89cd-d0dec6e867b1 added to master session list
[HTTP] <-- POST /wd/hub/session 200 23536 ms - 737 
[HTTP] --> GET /wd/hub/status {}
[HTTP] <-- GET /wd/hub/status 200 54 ms - 83 
[HTTP] --> POST /wd/hub/session/6e5548cf-e140-4561-89cd-d0dec6e867b1/timeouts {"type":"implicit","ms":30000}
[MJSONWP] Driver proxy active, passing request on via HTTP proxy
[JSONWP Proxy] Replacing sessionId a373c8bdeb8cebfaf2f893ba9b184ee3 with 6e5548cf-e140-4561-89cd-d0dec6e867b1
[HTTP] <-- POST /wd/hub/session/6e5548cf-e140-4561-89cd-d0dec6e867b1/timeouts 200 13 ms - 76 
[HTTP] --> POST /wd/hub/session/6e5548cf-e140-4561-89cd-d0dec6e867b1/timeouts {"type":"implicit","ms":0}
[MJSONWP] Driver proxy active, passing request on via HTTP proxy
[JSONWP Proxy] Replacing sessionId a373c8bdeb8cebfaf2f893ba9b184ee3 with 6e5548cf-e140-4561-89cd-d0dec6e867b1
[HTTP] <-- POST /wd/hub/session/6e5548cf-e140-4561-89cd-d0dec6e867b1/timeouts 200 4 ms - 76 
[HTTP] --> POST /wd/hub/session/6e5548cf-e140-4561-89cd-d0dec6e867b1/execute {"script":"return navigator.sayswho= (function() { var ua= navigator.userAgent, tem, M= ua.match(/(opera|chrome|safari|firefox|msie|trident)\\/?\\s*(\\.?\\d+(\\.\\d+)*)/i) || []; if (/trident/i.test(M[1])) {     tem=  /\\brv[ :]+(\\d+)/g.exec(ua) || [];     return 'IE '+(tem[1] || ''); } if(M[1]=== 'Chrome') {     tem= ua.match(/\b(OPR|Edge)\\/(\\d+)/);     if(tem!= null) return tem.slice(1).join(' ').replace('OPR', 'Opera'); } M= M[2]? [M[1], M[2]]: [navigator.appName, navigator.appVersion, '-?']; if((tem= ua.match(/version\\/(\\d+)/i))!= null) M.splice(1, 1, tem[1]); return M.join(' ').replace('MSIE', 'IE');})();","args":[]}
[MJSONWP] Driver proxy active, passing request on via HTTP proxy
[JSONWP Proxy] Replacing sessionId a373c8bdeb8cebfaf2f893ba9b184ee3 with 6e5548cf-e140-4561-89cd-d0dec6e867b1
[HTTP] <-- POST /wd/hub/session/6e5548cf-e140-4561-89cd-d0dec6e867b1/execute 200 181 ms - 94 
[HTTP] --> POST /wd/hub/session/6e5548cf-e140-4561-89cd-d0dec6e867b1/url {"url":"https://epdonline.herokuapp.com/"}
[MJSONWP] Driver proxy active, passing request on via HTTP proxy
[JSONWP Proxy] Replacing sessionId a373c8bdeb8cebfaf2f893ba9b184ee3 with 6e5548cf-e140-4561-89cd-d0dec6e867b1
[HTTP] <-- POST /wd/hub/session/6e5548cf-e140-4561-89cd-d0dec6e867b1/url 200 1079 ms - 76 
[HTTP] --> POST /wd/hub/session/6e5548cf-e140-4561-89cd-d0dec6e867b1/elements {"using":"xpath","value":"//a[@href = '/site/menu?hospital=A' and (text() = 'Open EPD\n\n' or . = 'Open EPD\n\n')]"}
[MJSONWP] Driver proxy active, passing request on via HTTP proxy
[JSONWP Proxy] Replacing sessionId a373c8bdeb8cebfaf2f893ba9b184ee3 with 6e5548cf-e140-4561-89cd-d0dec6e867b1
[HTTP] <-- POST /wd/hub/session/6e5548cf-e140-4561-89cd-d0dec6e867b1/elements 200 54 ms - 108 
[HTTP] --> GET /wd/hub/session/6e5548cf-e140-4561-89cd-d0dec6e867b1 {}
[MJSONWP] Driver proxy active, passing request on via HTTP proxy
[JSONWP Proxy] Replacing sessionId a373c8bdeb8cebfaf2f893ba9b184ee3 with 6e5548cf-e140-4561-89cd-d0dec6e867b1
[HTTP] <-- GET /wd/hub/session/6e5548cf-e140-4561-89cd-d0dec6e867b1 200 4 ms - 691 
[HTTP] --> GET /wd/hub/session/6e5548cf-e140-4561-89cd-d0dec6e867b1 {}
[MJSONWP] Driver proxy active, passing request on via HTTP proxy
[JSONWP Proxy] Replacing sessionId a373c8bdeb8cebfaf2f893ba9b184ee3 with 6e5548cf-e140-4561-89cd-d0dec6e867b1
[HTTP] <-- GET /wd/hub/session/6e5548cf-e140-4561-89cd-d0dec6e867b1 200 5 ms - 691 
[HTTP] --> GET /wd/hub/session/6e5548cf-e140-4561-89cd-d0dec6e867b1 {}
[MJSONWP] Driver proxy active, passing request on via HTTP proxy
[JSONWP Proxy] Replacing sessionId a373c8bdeb8cebfaf2f893ba9b184ee3 with 6e5548cf-e140-4561-89cd-d0dec6e867b1
[HTTP] <-- GET /wd/hub/session/6e5548cf-e140-4561-89cd-d0dec6e867b1 200 4 ms - 691 
[HTTP] --> GET /wd/hub/session/6e5548cf-e140-4561-89cd-d0dec6e867b1 {}
[MJSONWP] Driver proxy active, passing request on via HTTP proxy
[JSONWP Proxy] Replacing sessionId a373c8bdeb8cebfaf2f893ba9b184ee3 with 6e5548cf-e140-4561-89cd-d0dec6e867b1
[HTTP] <-- GET /wd/hub/session/6e5548cf-e140-4561-89cd-d0dec6e867b1 200 4 ms - 691 
[HTTP] --> GET /wd/hub/session/6e5548cf-e140-4561-89cd-d0dec6e867b1 {}
[MJSONWP] Driver proxy active, passing request on via HTTP proxy
[JSONWP Proxy] Replacing sessionId a373c8bdeb8cebfaf2f893ba9b184ee3 with 6e5548cf-e140-4561-89cd-d0dec6e867b1
[HTTP] <-- GET /wd/hub/session/6e5548cf-e140-4561-89cd-d0dec6e867b1 200 4 ms - 691 
[HTTP] --> GET /wd/hub/session/6e5548cf-e140-4561-89cd-d0dec6e867b1 {}
[MJSONWP] Driver proxy active, passing request on via HTTP proxy
[JSONWP Proxy] Replacing sessionId a373c8bdeb8cebfaf2f893ba9b184ee3 with 6e5548cf-e140-4561-89cd-d0dec6e867b1
[HTTP] <-- GET /wd/hub/session/6e5548cf-e140-4561-89cd-d0dec6e867b1 200 4 ms - 691 
[HTTP] --> POST /wd/hub/session/6e5548cf-e140-4561-89cd-d0dec6e867b1/element/0.7070936126342826-1/click {"id":"0.7070936126342826-1"}
[MJSONWP] Driver proxy active, passing request on via HTTP proxy
[JSONWP Proxy] Replacing sessionId a373c8bdeb8cebfaf2f893ba9b184ee3 with 6e5548cf-e140-4561-89cd-d0dec6e867b1
[HTTP] <-- POST /wd/hub/session/6e5548cf-e140-4561-89cd-d0dec6e867b1/element/0.7070936126342826-1/click 200 243 ms - 76 
[HTTP] --> POST /wd/hub/session/6e5548cf-e140-4561-89cd-d0dec6e867b1/elements {"using":"xpath","value":"//a[@href = '/patients?hospital=A' and (text() = 'Overzicht patienten\n\n' or . = 'Overzicht patienten\n\n')]"}
[MJSONWP] Driver proxy active, passing request on via HTTP proxy
[JSONWP Proxy] Replacing sessionId a373c8bdeb8cebfaf2f893ba9b184ee3 with 6e5548cf-e140-4561-89cd-d0dec6e867b1
[HTTP] <-- POST /wd/hub/session/6e5548cf-e140-4561-89cd-d0dec6e867b1/elements 200 51 ms - 74 
[HTTP] --> POST /wd/hub/session/6e5548cf-e140-4561-89cd-d0dec6e867b1/elements {"using":"xpath","value":"//a[@href = '/patients?hospital=A' and (text() = 'Overzicht patienten\n\n' or . = 'Overzicht patienten\n\n')]"}
[MJSONWP] Driver proxy active, passing request on via HTTP proxy
[JSONWP Proxy] Replacing sessionId a373c8bdeb8cebfaf2f893ba9b184ee3 with 6e5548cf-e140-4561-89cd-d0dec6e867b1
[HTTP] <-- POST /wd/hub/session/6e5548cf-e140-4561-89cd-d0dec6e867b1/elements 200 102 ms - 108 
[HTTP] --> GET /wd/hub/session/6e5548cf-e140-4561-89cd-d0dec6e867b1 {}
[MJSONWP] Driver proxy active, passing request on via HTTP proxy
[JSONWP Proxy] Replacing sessionId a373c8bdeb8cebfaf2f893ba9b184ee3 with 6e5548cf-e140-4561-89cd-d0dec6e867b1
[HTTP] <-- GET /wd/hub/session/6e5548cf-e140-4561-89cd-d0dec6e867b1 200 13 ms - 691 
[HTTP] --> GET /wd/hub/session/6e5548cf-e140-4561-89cd-d0dec6e867b1 {}
[MJSONWP] Driver proxy active, passing request on via HTTP proxy
[JSONWP Proxy] Replacing sessionId a373c8bdeb8cebfaf2f893ba9b184ee3 with 6e5548cf-e140-4561-89cd-d0dec6e867b1
[HTTP] <-- GET /wd/hub/session/6e5548cf-e140-4561-89cd-d0dec6e867b1 200 4 ms - 691 
[HTTP] --> GET /wd/hub/session/6e5548cf-e140-4561-89cd-d0dec6e867b1 {}
[MJSONWP] Driver proxy active, passing request on via HTTP proxy
[JSONWP Proxy] Replacing sessionId a373c8bdeb8cebfaf2f893ba9b184ee3 with 6e5548cf-e140-4561-89cd-d0dec6e867b1
[HTTP] <-- GET /wd/hub/session/6e5548cf-e140-4561-89cd-d0dec6e867b1 200 4 ms - 691 
[HTTP] --> GET /wd/hub/session/6e5548cf-e140-4561-89cd-d0dec6e867b1 {}
[MJSONWP] Driver proxy active, passing request on via HTTP proxy
[JSONWP Proxy] Replacing sessionId a373c8bdeb8cebfaf2f893ba9b184ee3 with 6e5548cf-e140-4561-89cd-d0dec6e867b1
[HTTP] <-- GET /wd/hub/session/6e5548cf-e140-4561-89cd-d0dec6e867b1 200 4 ms - 691 
[HTTP] --> GET /wd/hub/session/6e5548cf-e140-4561-89cd-d0dec6e867b1 {}
[MJSONWP] Driver proxy active, passing request on via HTTP proxy
[JSONWP Proxy] Replacing sessionId a373c8bdeb8cebfaf2f893ba9b184ee3 with 6e5548cf-e140-4561-89cd-d0dec6e867b1
[HTTP] <-- GET /wd/hub/session/6e5548cf-e140-4561-89cd-d0dec6e867b1 200 4 ms - 691 
[HTTP] --> GET /wd/hub/session/6e5548cf-e140-4561-89cd-d0dec6e867b1 {}
[MJSONWP] Driver proxy active, passing request on via HTTP proxy
[JSONWP Proxy] Replacing sessionId a373c8bdeb8cebfaf2f893ba9b184ee3 with 6e5548cf-e140-4561-89cd-d0dec6e867b1
[HTTP] <-- GET /wd/hub/session/6e5548cf-e140-4561-89cd-d0dec6e867b1 200 3 ms - 691 
[HTTP] --> POST /wd/hub/session/6e5548cf-e140-4561-89cd-d0dec6e867b1/element/0.7070936126342826-2/click {"id":"0.7070936126342826-2"}
[MJSONWP] Driver proxy active, passing request on via HTTP proxy
[JSONWP Proxy] Replacing sessionId a373c8bdeb8cebfaf2f893ba9b184ee3 with 6e5548cf-e140-4561-89cd-d0dec6e867b1
[HTTP] <-- POST /wd/hub/session/6e5548cf-e140-4561-89cd-d0dec6e867b1/element/0.7070936126342826-2/click 200 369 ms - 76 
[HTTP] --> POST /wd/hub/session/6e5548cf-e140-4561-89cd-d0dec6e867b1/element {"using":"tag name","value":"body"}
[MJSONWP] Driver proxy active, passing request on via HTTP proxy
[JSONWP Proxy] Replacing sessionId a373c8bdeb8cebfaf2f893ba9b184ee3 with 6e5548cf-e140-4561-89cd-d0dec6e867b1
[HTTP] <-- POST /wd/hub/session/6e5548cf-e140-4561-89cd-d0dec6e867b1/element 200 151 ms - 106 
[HTTP] --> GET /wd/hub/session/6e5548cf-e140-4561-89cd-d0dec6e867b1 {}
[MJSONWP] Driver proxy active, passing request on via HTTP proxy
[JSONWP Proxy] Replacing sessionId a373c8bdeb8cebfaf2f893ba9b184ee3 with 6e5548cf-e140-4561-89cd-d0dec6e867b1
[HTTP] <-- GET /wd/hub/session/6e5548cf-e140-4561-89cd-d0dec6e867b1 200 3 ms - 691 
[HTTP] --> GET /wd/hub/session/6e5548cf-e140-4561-89cd-d0dec6e867b1 {}
[MJSONWP] Driver proxy active, passing request on via HTTP proxy
[JSONWP Proxy] Replacing sessionId a373c8bdeb8cebfaf2f893ba9b184ee3 with 6e5548cf-e140-4561-89cd-d0dec6e867b1
[HTTP] <-- GET /wd/hub/session/6e5548cf-e140-4561-89cd-d0dec6e867b1 200 3 ms - 691 
[HTTP] --> GET /wd/hub/session/6e5548cf-e140-4561-89cd-d0dec6e867b1 {}
[MJSONWP] Driver proxy active, passing request on via HTTP proxy
[JSONWP Proxy] Replacing sessionId a373c8bdeb8cebfaf2f893ba9b184ee3 with 6e5548cf-e140-4561-89cd-d0dec6e867b1
[HTTP] <-- GET /wd/hub/session/6e5548cf-e140-4561-89cd-d0dec6e867b1 200 4 ms - 691 
[HTTP] --> GET /wd/hub/session/6e5548cf-e140-4561-89cd-d0dec6e867b1 {}
[MJSONWP] Driver proxy active, passing request on via HTTP proxy
[JSONWP Proxy] Replacing sessionId a373c8bdeb8cebfaf2f893ba9b184ee3 with 6e5548cf-e140-4561-89cd-d0dec6e867b1
[HTTP] <-- GET /wd/hub/session/6e5548cf-e140-4561-89cd-d0dec6e867b1 200 4 ms - 691 
[HTTP] --> GET /wd/hub/session/6e5548cf-e140-4561-89cd-d0dec6e867b1 {}
[MJSONWP] Driver proxy active, passing request on via HTTP proxy
[JSONWP Proxy] Replacing sessionId a373c8bdeb8cebfaf2f893ba9b184ee3 with 6e5548cf-e140-4561-89cd-d0dec6e867b1
[HTTP] <-- GET /wd/hub/session/6e5548cf-e140-4561-89cd-d0dec6e867b1 200 4 ms - 691 
[HTTP] --> GET /wd/hub/session/6e5548cf-e140-4561-89cd-d0dec6e867b1 {}
[MJSONWP] Driver proxy active, passing request on via HTTP proxy
[JSONWP Proxy] Replacing sessionId a373c8bdeb8cebfaf2f893ba9b184ee3 with 6e5548cf-e140-4561-89cd-d0dec6e867b1
[HTTP] <-- GET /wd/hub/session/6e5548cf-e140-4561-89cd-d0dec6e867b1 200 3 ms - 691 
[HTTP] --> GET /wd/hub/session/6e5548cf-e140-4561-89cd-d0dec6e867b1/element/0.7070936126342826-3/text {}
[MJSONWP] Driver proxy active, passing request on via HTTP proxy
[JSONWP Proxy] Replacing sessionId a373c8bdeb8cebfaf2f893ba9b184ee3 with 6e5548cf-e140-4561-89cd-d0dec6e867b1
[HTTP] <-- GET /wd/hub/session/6e5548cf-e140-4561-89cd-d0dec6e867b1/element/0.7070936126342826-3/text 200 213 ms - 414 
[HTTP] --> POST /wd/hub/session/6e5548cf-e140-4561-89cd-d0dec6e867b1/elements {"using":"xpath","value":"//a[(text() = 'Details' or . = 'Details')]"}
[MJSONWP] Driver proxy active, passing request on via HTTP proxy
[JSONWP Proxy] Replacing sessionId a373c8bdeb8cebfaf2f893ba9b184ee3 with 6e5548cf-e140-4561-89cd-d0dec6e867b1
[HTTP] <-- POST /wd/hub/session/6e5548cf-e140-4561-89cd-d0dec6e867b1/elements 200 45 ms - 178 
[HTTP] --> GET /wd/hub/session/6e5548cf-e140-4561-89cd-d0dec6e867b1 {}
[MJSONWP] Driver proxy active, passing request on via HTTP proxy
[JSONWP Proxy] Replacing sessionId a373c8bdeb8cebfaf2f893ba9b184ee3 with 6e5548cf-e140-4561-89cd-d0dec6e867b1
[HTTP] <-- GET /wd/hub/session/6e5548cf-e140-4561-89cd-d0dec6e867b1 200 3 ms - 691 
[HTTP] --> GET /wd/hub/session/6e5548cf-e140-4561-89cd-d0dec6e867b1 {}
[MJSONWP] Driver proxy active, passing request on via HTTP proxy
[JSONWP Proxy] Replacing sessionId a373c8bdeb8cebfaf2f893ba9b184ee3 with 6e5548cf-e140-4561-89cd-d0dec6e867b1
[HTTP] <-- GET /wd/hub/session/6e5548cf-e140-4561-89cd-d0dec6e867b1 200 6 ms - 691 
[HTTP] --> GET /wd/hub/session/6e5548cf-e140-4561-89cd-d0dec6e867b1 {}
[MJSONWP] Driver proxy active, passing request on via HTTP proxy
[JSONWP Proxy] Replacing sessionId a373c8bdeb8cebfaf2f893ba9b184ee3 with 6e5548cf-e140-4561-89cd-d0dec6e867b1
[HTTP] <-- GET /wd/hub/session/6e5548cf-e140-4561-89cd-d0dec6e867b1 200 6 ms - 691 
[HTTP] --> GET /wd/hub/session/6e5548cf-e140-4561-89cd-d0dec6e867b1 {}
[MJSONWP] Driver proxy active, passing request on via HTTP proxy
[JSONWP Proxy] Replacing sessionId a373c8bdeb8cebfaf2f893ba9b184ee3 with 6e5548cf-e140-4561-89cd-d0dec6e867b1
[HTTP] <-- GET /wd/hub/session/6e5548cf-e140-4561-89cd-d0dec6e867b1 200 4 ms - 691 
[HTTP] --> GET /wd/hub/session/6e5548cf-e140-4561-89cd-d0dec6e867b1 {}
[MJSONWP] Driver proxy active, passing request on via HTTP proxy
[JSONWP Proxy] Replacing sessionId a373c8bdeb8cebfaf2f893ba9b184ee3 with 6e5548cf-e140-4561-89cd-d0dec6e867b1
[HTTP] <-- GET /wd/hub/session/6e5548cf-e140-4561-89cd-d0dec6e867b1 200 4 ms - 691 
[HTTP] --> GET /wd/hub/session/6e5548cf-e140-4561-89cd-d0dec6e867b1 {}
[MJSONWP] Driver proxy active, passing request on via HTTP proxy
[JSONWP Proxy] Replacing sessionId a373c8bdeb8cebfaf2f893ba9b184ee3 with 6e5548cf-e140-4561-89cd-d0dec6e867b1
[HTTP] <-- GET /wd/hub/session/6e5548cf-e140-4561-89cd-d0dec6e867b1 200 4 ms - 691 
[HTTP] --> GET /wd/hub/session/6e5548cf-e140-4561-89cd-d0dec6e867b1 {}
[MJSONWP] Driver proxy active, passing request on via HTTP proxy
[JSONWP Proxy] Replacing sessionId a373c8bdeb8cebfaf2f893ba9b184ee3 with 6e5548cf-e140-4561-89cd-d0dec6e867b1
[HTTP] <-- GET /wd/hub/session/6e5548cf-e140-4561-89cd-d0dec6e867b1 200 4 ms - 691 
[HTTP] --> GET /wd/hub/session/6e5548cf-e140-4561-89cd-d0dec6e867b1 {}
[MJSONWP] Driver proxy active, passing request on via HTTP proxy
[JSONWP Proxy] Replacing sessionId a373c8bdeb8cebfaf2f893ba9b184ee3 with 6e5548cf-e140-4561-89cd-d0dec6e867b1
[HTTP] <-- GET /wd/hub/session/6e5548cf-e140-4561-89cd-d0dec6e867b1 200 5 ms - 691 
[HTTP] --> GET /wd/hub/session/6e5548cf-e140-4561-89cd-d0dec6e867b1 {}
[MJSONWP] Driver proxy active, passing request on via HTTP proxy
[JSONWP Proxy] Replacing sessionId a373c8bdeb8cebfaf2f893ba9b184ee3 with 6e5548cf-e140-4561-89cd-d0dec6e867b1
[HTTP] <-- GET /wd/hub/session/6e5548cf-e140-4561-89cd-d0dec6e867b1 200 3 ms - 691 
[HTTP] --> GET /wd/hub/session/6e5548cf-e140-4561-89cd-d0dec6e867b1 {}
[MJSONWP] Driver proxy active, passing request on via HTTP proxy
[JSONWP Proxy] Replacing sessionId a373c8bdeb8cebfaf2f893ba9b184ee3 with 6e5548cf-e140-4561-89cd-d0dec6e867b1
[HTTP] <-- GET /wd/hub/session/6e5548cf-e140-4561-89cd-d0dec6e867b1 200 3 ms - 691 
[HTTP] --> GET /wd/hub/session/6e5548cf-e140-4561-89cd-d0dec6e867b1 {}
[MJSONWP] Driver proxy active, passing request on via HTTP proxy
[JSONWP Proxy] Replacing sessionId a373c8bdeb8cebfaf2f893ba9b184ee3 with 6e5548cf-e140-4561-89cd-d0dec6e867b1
[HTTP] <-- GET /wd/hub/session/6e5548cf-e140-4561-89cd-d0dec6e867b1 200 3 ms - 691 
[HTTP] --> GET /wd/hub/session/6e5548cf-e140-4561-89cd-d0dec6e867b1 {}
[MJSONWP] Driver proxy active, passing request on via HTTP proxy
[JSONWP Proxy] Replacing sessionId a373c8bdeb8cebfaf2f893ba9b184ee3 with 6e5548cf-e140-4561-89cd-d0dec6e867b1
[HTTP] <-- GET /wd/hub/session/6e5548cf-e140-4561-89cd-d0dec6e867b1 200 7 ms - 691 
[HTTP] --> GET /wd/hub/session/6e5548cf-e140-4561-89cd-d0dec6e867b1 {}
[MJSONWP] Driver proxy active, passing request on via HTTP proxy
[JSONWP Proxy] Replacing sessionId a373c8bdeb8cebfaf2f893ba9b184ee3 with 6e5548cf-e140-4561-89cd-d0dec6e867b1
[HTTP] <-- GET /wd/hub/session/6e5548cf-e140-4561-89cd-d0dec6e867b1 200 4 ms - 691 
[HTTP] --> GET /wd/hub/session/6e5548cf-e140-4561-89cd-d0dec6e867b1 {}
[MJSONWP] Driver proxy active, passing request on via HTTP proxy
[JSONWP Proxy] Replacing sessionId a373c8bdeb8cebfaf2f893ba9b184ee3 with 6e5548cf-e140-4561-89cd-d0dec6e867b1
[HTTP] <-- GET /wd/hub/session/6e5548cf-e140-4561-89cd-d0dec6e867b1 200 4 ms - 691 
[HTTP] --> GET /wd/hub/session/6e5548cf-e140-4561-89cd-d0dec6e867b1 {}
[MJSONWP] Driver proxy active, passing request on via HTTP proxy
[JSONWP Proxy] Replacing sessionId a373c8bdeb8cebfaf2f893ba9b184ee3 with 6e5548cf-e140-4561-89cd-d0dec6e867b1
[HTTP] <-- GET /wd/hub/session/6e5548cf-e140-4561-89cd-d0dec6e867b1 200 4 ms - 691 
[HTTP] --> GET /wd/hub/session/6e5548cf-e140-4561-89cd-d0dec6e867b1 {}
[MJSONWP] Driver proxy active, passing request on via HTTP proxy
[JSONWP Proxy] Replacing sessionId a373c8bdeb8cebfaf2f893ba9b184ee3 with 6e5548cf-e140-4561-89cd-d0dec6e867b1
[HTTP] <-- GET /wd/hub/session/6e5548cf-e140-4561-89cd-d0dec6e867b1 200 4 ms - 691 
[HTTP] --> GET /wd/hub/session/6e5548cf-e140-4561-89cd-d0dec6e867b1 {}
[MJSONWP] Driver proxy active, passing request on via HTTP proxy
[JSONWP Proxy] Replacing sessionId a373c8bdeb8cebfaf2f893ba9b184ee3 with 6e5548cf-e140-4561-89cd-d0dec6e867b1
[HTTP] <-- GET /wd/hub/session/6e5548cf-e140-4561-89cd-d0dec6e867b1 200 5 ms - 691 
[HTTP] --> GET /wd/hub/session/6e5548cf-e140-4561-89cd-d0dec6e867b1 {}
[MJSONWP] Driver proxy active, passing request on via HTTP proxy
[JSONWP Proxy] Replacing sessionId a373c8bdeb8cebfaf2f893ba9b184ee3 with 6e5548cf-e140-4561-89cd-d0dec6e867b1
[HTTP] <-- GET /wd/hub/session/6e5548cf-e140-4561-89cd-d0dec6e867b1 200 3 ms - 691 
[HTTP] --> POST /wd/hub/session/6e5548cf-e140-4561-89cd-d0dec6e867b1/element/0.7070936126342826-4/click {"id":"0.7070936126342826-4"}
[MJSONWP] Driver proxy active, passing request on via HTTP proxy
[JSONWP Proxy] Replacing sessionId a373c8bdeb8cebfaf2f893ba9b184ee3 with 6e5548cf-e140-4561-89cd-d0dec6e867b1
[HTTP] <-- POST /wd/hub/session/6e5548cf-e140-4561-89cd-d0dec6e867b1/element/0.7070936126342826-4/click 200 266 ms - 76 
[HTTP] --> POST /wd/hub/session/6e5548cf-e140-4561-89cd-d0dec6e867b1/elements {"using":"xpath","value":"//a[(text() = 'Behandeling toevoegen' or . = 'Behandeling toevoegen')]"}
[MJSONWP] Driver proxy active, passing request on via HTTP proxy
[JSONWP Proxy] Replacing sessionId a373c8bdeb8cebfaf2f893ba9b184ee3 with 6e5548cf-e140-4561-89cd-d0dec6e867b1
[HTTP] <-- POST /wd/hub/session/6e5548cf-e140-4561-89cd-d0dec6e867b1/elements 200 48 ms - 74 
[HTTP] --> POST /wd/hub/session/6e5548cf-e140-4561-89cd-d0dec6e867b1/elements {"using":"xpath","value":"//a[(text() = 'Behandeling toevoegen' or . = 'Behandeling toevoegen')]"}
[MJSONWP] Driver proxy active, passing request on via HTTP proxy
[JSONWP Proxy] Replacing sessionId a373c8bdeb8cebfaf2f893ba9b184ee3 with 6e5548cf-e140-4561-89cd-d0dec6e867b1
[HTTP] <-- POST /wd/hub/session/6e5548cf-e140-4561-89cd-d0dec6e867b1/elements 200 93 ms - 108 
[HTTP] --> GET /wd/hub/session/6e5548cf-e140-4561-89cd-d0dec6e867b1 {}
[MJSONWP] Driver proxy active, passing request on via HTTP proxy
[JSONWP Proxy] Replacing sessionId a373c8bdeb8cebfaf2f893ba9b184ee3 with 6e5548cf-e140-4561-89cd-d0dec6e867b1
[HTTP] <-- GET /wd/hub/session/6e5548cf-e140-4561-89cd-d0dec6e867b1 200 8 ms - 691 
[HTTP] --> GET /wd/hub/session/6e5548cf-e140-4561-89cd-d0dec6e867b1 {}
[MJSONWP] Driver proxy active, passing request on via HTTP proxy
[JSONWP Proxy] Replacing sessionId a373c8bdeb8cebfaf2f893ba9b184ee3 with 6e5548cf-e140-4561-89cd-d0dec6e867b1
[HTTP] <-- GET /wd/hub/session/6e5548cf-e140-4561-89cd-d0dec6e867b1 200 8 ms - 691 
[HTTP] --> GET /wd/hub/session/6e5548cf-e140-4561-89cd-d0dec6e867b1 {}
[MJSONWP] Driver proxy active, passing request on via HTTP proxy
[JSONWP Proxy] Replacing sessionId a373c8bdeb8cebfaf2f893ba9b184ee3 with 6e5548cf-e140-4561-89cd-d0dec6e867b1
[HTTP] <-- GET /wd/hub/session/6e5548cf-e140-4561-89cd-d0dec6e867b1 200 6 ms - 691 
[HTTP] --> GET /wd/hub/session/6e5548cf-e140-4561-89cd-d0dec6e867b1 {}
[MJSONWP] Driver proxy active, passing request on via HTTP proxy
[JSONWP Proxy] Replacing sessionId a373c8bdeb8cebfaf2f893ba9b184ee3 with 6e5548cf-e140-4561-89cd-d0dec6e867b1
[HTTP] <-- GET /wd/hub/session/6e5548cf-e140-4561-89cd-d0dec6e867b1 200 5 ms - 691 
[HTTP] --> GET /wd/hub/session/6e5548cf-e140-4561-89cd-d0dec6e867b1 {}
[MJSONWP] Driver proxy active, passing request on via HTTP proxy
[JSONWP Proxy] Replacing sessionId a373c8bdeb8cebfaf2f893ba9b184ee3 with 6e5548cf-e140-4561-89cd-d0dec6e867b1
[HTTP] <-- GET /wd/hub/session/6e5548cf-e140-4561-89cd-d0dec6e867b1 200 5 ms - 691 
[HTTP] --> GET /wd/hub/session/6e5548cf-e140-4561-89cd-d0dec6e867b1 {}
[MJSONWP] Driver proxy active, passing request on via HTTP proxy
[JSONWP Proxy] Replacing sessionId a373c8bdeb8cebfaf2f893ba9b184ee3 with 6e5548cf-e140-4561-89cd-d0dec6e867b1
[HTTP] <-- GET /wd/hub/session/6e5548cf-e140-4561-89cd-d0dec6e867b1 200 6 ms - 691 
[HTTP] --> POST /wd/hub/session/6e5548cf-e140-4561-89cd-d0dec6e867b1/element/0.7070936126342826-7/click {"id":"0.7070936126342826-7"}
[MJSONWP] Driver proxy active, passing request on via HTTP proxy
[JSONWP Proxy] Replacing sessionId a373c8bdeb8cebfaf2f893ba9b184ee3 with 6e5548cf-e140-4561-89cd-d0dec6e867b1
[HTTP] <-- POST /wd/hub/session/6e5548cf-e140-4561-89cd-d0dec6e867b1/element/0.7070936126342826-7/click 200 388 ms - 76 
[HTTP] --> POST /wd/hub/session/6e5548cf-e140-4561-89cd-d0dec6e867b1/elements {"using":"xpath","value":"//select[@id = 'treatment_treatment_date_3i']"}
[MJSONWP] Driver proxy active, passing request on via HTTP proxy
[JSONWP Proxy] Replacing sessionId a373c8bdeb8cebfaf2f893ba9b184ee3 with 6e5548cf-e140-4561-89cd-d0dec6e867b1
[HTTP] <-- POST /wd/hub/session/6e5548cf-e140-4561-89cd-d0dec6e867b1/elements 200 72 ms - 108 
[HTTP] --> GET /wd/hub/session/6e5548cf-e140-4561-89cd-d0dec6e867b1 {}
[MJSONWP] Driver proxy active, passing request on via HTTP proxy
[JSONWP Proxy] Replacing sessionId a373c8bdeb8cebfaf2f893ba9b184ee3 with 6e5548cf-e140-4561-89cd-d0dec6e867b1
[HTTP] <-- GET /wd/hub/session/6e5548cf-e140-4561-89cd-d0dec6e867b1 200 3 ms - 691 
[HTTP] --> GET /wd/hub/session/6e5548cf-e140-4561-89cd-d0dec6e867b1 {}
[MJSONWP] Driver proxy active, passing request on via HTTP proxy
[JSONWP Proxy] Replacing sessionId a373c8bdeb8cebfaf2f893ba9b184ee3 with 6e5548cf-e140-4561-89cd-d0dec6e867b1
[HTTP] <-- GET /wd/hub/session/6e5548cf-e140-4561-89cd-d0dec6e867b1 200 3 ms - 691 
[HTTP] --> GET /wd/hub/session/6e5548cf-e140-4561-89cd-d0dec6e867b1 {}
[MJSONWP] Driver proxy active, passing request on via HTTP proxy
[JSONWP Proxy] Replacing sessionId a373c8bdeb8cebfaf2f893ba9b184ee3 with 6e5548cf-e140-4561-89cd-d0dec6e867b1
[HTTP] <-- GET /wd/hub/session/6e5548cf-e140-4561-89cd-d0dec6e867b1 200 4 ms - 691 
[HTTP] --> GET /wd/hub/session/6e5548cf-e140-4561-89cd-d0dec6e867b1 {}
[MJSONWP] Driver proxy active, passing request on via HTTP proxy
[JSONWP Proxy] Replacing sessionId a373c8bdeb8cebfaf2f893ba9b184ee3 with 6e5548cf-e140-4561-89cd-d0dec6e867b1
[HTTP] <-- GET /wd/hub/session/6e5548cf-e140-4561-89cd-d0dec6e867b1 200 4 ms - 691 
[HTTP] --> GET /wd/hub/session/6e5548cf-e140-4561-89cd-d0dec6e867b1 {}
[MJSONWP] Driver proxy active, passing request on via HTTP proxy
[JSONWP Proxy] Replacing sessionId a373c8bdeb8cebfaf2f893ba9b184ee3 with 6e5548cf-e140-4561-89cd-d0dec6e867b1
[HTTP] <-- GET /wd/hub/session/6e5548cf-e140-4561-89cd-d0dec6e867b1 200 4 ms - 691 
[HTTP] --> GET /wd/hub/session/6e5548cf-e140-4561-89cd-d0dec6e867b1 {}
[MJSONWP] Driver proxy active, passing request on via HTTP proxy
[JSONWP Proxy] Replacing sessionId a373c8bdeb8cebfaf2f893ba9b184ee3 with 6e5548cf-e140-4561-89cd-d0dec6e867b1
[HTTP] <-- GET /wd/hub/session/6e5548cf-e140-4561-89cd-d0dec6e867b1 200 4 ms - 691 
[HTTP] --> GET /wd/hub/session/6e5548cf-e140-4561-89cd-d0dec6e867b1/element/0.7070936126342826-8/name {}
[MJSONWP] Driver proxy active, passing request on via HTTP proxy
[JSONWP Proxy] Replacing sessionId a373c8bdeb8cebfaf2f893ba9b184ee3 with 6e5548cf-e140-4561-89cd-d0dec6e867b1
[HTTP] <-- GET /wd/hub/session/6e5548cf-e140-4561-89cd-d0dec6e867b1/element/0.7070936126342826-8/name 200 15 ms - 80 
[HTTP] --> GET /wd/hub/session/6e5548cf-e140-4561-89cd-d0dec6e867b1/element/0.7070936126342826-8/attribute/multiple {}
[MJSONWP] Driver proxy active, passing request on via HTTP proxy
[JSONWP Proxy] Replacing sessionId a373c8bdeb8cebfaf2f893ba9b184ee3 with 6e5548cf-e140-4561-89cd-d0dec6e867b1
[HTTP] <-- GET /wd/hub/session/6e5548cf-e140-4561-89cd-d0dec6e867b1/element/0.7070936126342826-8/attribute/multiple 200 20 ms - 76 
[HTTP] --> GET /wd/hub/session/6e5548cf-e140-4561-89cd-d0dec6e867b1/element/0.7070936126342826-8/name {}
[MJSONWP] Driver proxy active, passing request on via HTTP proxy
[JSONWP Proxy] Replacing sessionId a373c8bdeb8cebfaf2f893ba9b184ee3 with 6e5548cf-e140-4561-89cd-d0dec6e867b1
[HTTP] <-- GET /wd/hub/session/6e5548cf-e140-4561-89cd-d0dec6e867b1/element/0.7070936126342826-8/name 200 12 ms - 80 
[HTTP] --> GET /wd/hub/session/6e5548cf-e140-4561-89cd-d0dec6e867b1/element/0.7070936126342826-8/attribute/multiple {}
[MJSONWP] Driver proxy active, passing request on via HTTP proxy
[JSONWP Proxy] Replacing sessionId a373c8bdeb8cebfaf2f893ba9b184ee3 with 6e5548cf-e140-4561-89cd-d0dec6e867b1
[HTTP] <-- GET /wd/hub/session/6e5548cf-e140-4561-89cd-d0dec6e867b1/element/0.7070936126342826-8/attribute/multiple 200 16 ms - 76 
[HTTP] --> POST /wd/hub/session/6e5548cf-e140-4561-89cd-d0dec6e867b1/element/0.7070936126342826-8/elements {"id":"0.7070936126342826-8","using":"xpath","value":".//option[@value = \"18\"]"}
[MJSONWP] Driver proxy active, passing request on via HTTP proxy
[JSONWP Proxy] Replacing sessionId a373c8bdeb8cebfaf2f893ba9b184ee3 with 6e5548cf-e140-4561-89cd-d0dec6e867b1
[HTTP] <-- POST /wd/hub/session/6e5548cf-e140-4561-89cd-d0dec6e867b1/element/0.7070936126342826-8/elements 200 155 ms - 108 
[HTTP] --> GET /wd/hub/session/6e5548cf-e140-4561-89cd-d0dec6e867b1 {}
[MJSONWP] Driver proxy active, passing request on via HTTP proxy
[JSONWP Proxy] Replacing sessionId a373c8bdeb8cebfaf2f893ba9b184ee3 with 6e5548cf-e140-4561-89cd-d0dec6e867b1
[HTTP] <-- GET /wd/hub/session/6e5548cf-e140-4561-89cd-d0dec6e867b1 200 3 ms - 691 
[HTTP] --> GET /wd/hub/session/6e5548cf-e140-4561-89cd-d0dec6e867b1 {}
[MJSONWP] Driver proxy active, passing request on via HTTP proxy
[JSONWP Proxy] Replacing sessionId a373c8bdeb8cebfaf2f893ba9b184ee3 with 6e5548cf-e140-4561-89cd-d0dec6e867b1
[HTTP] <-- GET /wd/hub/session/6e5548cf-e140-4561-89cd-d0dec6e867b1 200 4 ms - 691 
[HTTP] --> GET /wd/hub/session/6e5548cf-e140-4561-89cd-d0dec6e867b1 {}
[MJSONWP] Driver proxy active, passing request on via HTTP proxy
[JSONWP Proxy] Replacing sessionId a373c8bdeb8cebfaf2f893ba9b184ee3 with 6e5548cf-e140-4561-89cd-d0dec6e867b1
[HTTP] <-- GET /wd/hub/session/6e5548cf-e140-4561-89cd-d0dec6e867b1 200 3 ms - 691 
[HTTP] --> GET /wd/hub/session/6e5548cf-e140-4561-89cd-d0dec6e867b1/element/0.7070936126342826-9/selected {}
[MJSONWP] Driver proxy active, passing request on via HTTP proxy
[JSONWP Proxy] Replacing sessionId a373c8bdeb8cebfaf2f893ba9b184ee3 with 6e5548cf-e140-4561-89cd-d0dec6e867b1
[HTTP] <-- GET /wd/hub/session/6e5548cf-e140-4561-89cd-d0dec6e867b1/element/0.7070936126342826-9/selected 200 101 ms - 77 
[HTTP] --> POST /wd/hub/session/6e5548cf-e140-4561-89cd-d0dec6e867b1/element/0.7070936126342826-9/click {"id":"0.7070936126342826-9"}
[MJSONWP] Driver proxy active, passing request on via HTTP proxy
[JSONWP Proxy] Replacing sessionId a373c8bdeb8cebfaf2f893ba9b184ee3 with 6e5548cf-e140-4561-89cd-d0dec6e867b1
[HTTP] <-- POST /wd/hub/session/6e5548cf-e140-4561-89cd-d0dec6e867b1/element/0.7070936126342826-9/click 200 221 ms - 302 
[HTTP] --> GET /wd/hub/session/6e5548cf-e140-4561-89cd-d0dec6e867b1/screenshot {}
[MJSONWP] Driver proxy active, passing request on via HTTP proxy
[JSONWP Proxy] Replacing sessionId a373c8bdeb8cebfaf2f893ba9b184ee3 with 6e5548cf-e140-4561-89cd-d0dec6e867b1
[HTTP] <-- GET /wd/hub/session/6e5548cf-e140-4561-89cd-d0dec6e867b1/screenshot 200 569 ms - 119854 
[HTTP] --> DELETE /wd/hub/session/6e5548cf-e140-4561-89cd-d0dec6e867b1 {}
[Appium] Removing session 6e5548cf-e140-4561-89cd-d0dec6e867b1 from our master session list
[ADB] No uiautomator process found to kill, continuing...
[HTTP] <-- DELETE /wd/hub/session/6e5548cf-e140-4561-89cd-d0dec6e867b1 200 3774 ms - 76 
