[Appium] Welcome to Appium v1.7.2
[Appium] Non-default server args:
[Appium]   port: 7026
[Appium]   loglevel: info
[Appium]   chromeDriverPort: 7027
[Appium]   tmpDir: C:\Users\mslin\AppData\Local\Temp\\Katalon\Appium\Temp1521376765775
[Appium] Appium REST http interface listener started on 0.0.0.0:7026
[HTTP] --> GET /wd/hub/status {}
[HTTP] <-- GET /wd/hub/status 200 51 ms - 72 
[HTTP] --> POST /wd/hub/session {"desiredCapabilities":{"browserName":"Chrome","deviceId":"1ca69abf","deviceName":"samsung SM-G900F (Android 7.1.2)","newCommandTimeout":1800,"platform":"ANDROID","platformName":"Android","udid":"1ca69abf"},"capabilities":{"desiredCapabilities":{"browserName":"Chrome","deviceId":"1ca69abf","deviceName":"samsung SM-G900F (Android 7.1.2)","newCommandTimeout":1800,"platform":"ANDROID","platformName":"Android","udid":"1ca69abf"},"firstMatch":[{"browserName":"Chrome","platformName":"android"}]}}
[Appium] Merged W3C capabilities {"desiredCapabilities":{"browserName":"Chrome",... into desiredCapabilities object {"browserName":"Chrome","deviceId":"1ca69abf","...
[Appium] Creating new AndroidDriver (v1.37.0) session
[Appium] Capabilities:
[Appium]   browserName: Chrome
[Appium]   deviceId: 1ca69abf
[Appium]   deviceName: samsung SM-G900F (Android 7.1.2)
[Appium]   newCommandTimeout: 1800
[Appium]   platform: ANDROID
[Appium]   platformName: android
[Appium]   udid: 1ca69abf
[BaseDriver] The following capabilities were provided, but are not recognized by appium: deviceId, platform.
[BaseDriver] Session created with session id: 50233a0b-58bf-4efd-92cc-5891c5d38547
[AndroidDriver] Java version is: 1.8.0_102
[AndroidDriver] We're going to run a Chrome-based session
[AndroidDriver] Chrome-type package and activity are com.android.chrome and com.google.android.apps.chrome.Main
[ADB] Checking whether adb is present
[ADB] Using adb.exe from C:\Users\mslin\.katalon\tools\android_sdk\platform-tools\adb.exe
[AndroidDriver] Retrieving device list
[AndroidDriver] Using device: 1ca69abf
[ADB] Checking whether adb is present
[AndroidDriver] App file was not listed, instead we're going to run com.android.chrome directly on the device
[AndroidDriver] Starting Android session
[AndroidDriver] setDeviceLanguageCountry requires language or country.
[AndroidDriver] Got language: 'null' and country: 'null'
[ADB] Checking whether aapt is present
[ADB] Using aapt.exe from C:\Users\mslin\.katalon\tools\android_sdk\build-tools\28.0.0\aapt.exe
[ADB] Checking whether aapt is present
[ADB] Getting device platform version
[AndroidDriver] No app sent in, not parsing package/activity
[ADB] No uiautomator process found to kill, continuing...
[AndroidBootstrap] Android bootstrap socket is now connected
[AndroidDriver] Screen already unlocked, doing nothing
[AndroidDriver] Starting a chrome-based browser session
[Chromedriver] Set chromedriver binary as: C:\Users\mslin\AppData\Roaming\npm\node_modules\appium\node_modules\appium-chromedriver\chromedriver\win\chromedriver.exe
[Chromedriver] No old chromedrivers seemed to exist
[Chromedriver] Spawning chromedriver with: C:\Users\mslin\AppData\Roaming\npm\node_modules\appium\node_modules\appium-chromedriver\chromedriver\win\chromedriver.exe --url-base=wd/hub --port=7027 --adb-port=5037 --verbose
[Appium] New AndroidDriver session created successfully, session 50233a0b-58bf-4efd-92cc-5891c5d38547 added to master session list
[HTTP] <-- POST /wd/hub/session 200 22223 ms - 737 
[HTTP] --> GET /wd/hub/status {}
[HTTP] <-- GET /wd/hub/status 200 48 ms - 83 
[HTTP] --> POST /wd/hub/session/50233a0b-58bf-4efd-92cc-5891c5d38547/timeouts {"type":"implicit","ms":30000}
[MJSONWP] Driver proxy active, passing request on via HTTP proxy
[JSONWP Proxy] Replacing sessionId 8f1fcad81e30c613c217ebd9ee2d0aae with 50233a0b-58bf-4efd-92cc-5891c5d38547
[HTTP] <-- POST /wd/hub/session/50233a0b-58bf-4efd-92cc-5891c5d38547/timeouts 200 10 ms - 76 
[HTTP] --> POST /wd/hub/session/50233a0b-58bf-4efd-92cc-5891c5d38547/timeouts {"type":"implicit","ms":0}
[MJSONWP] Driver proxy active, passing request on via HTTP proxy
[JSONWP Proxy] Replacing sessionId 8f1fcad81e30c613c217ebd9ee2d0aae with 50233a0b-58bf-4efd-92cc-5891c5d38547
[HTTP] <-- POST /wd/hub/session/50233a0b-58bf-4efd-92cc-5891c5d38547/timeouts 200 6 ms - 76 
[HTTP] --> POST /wd/hub/session/50233a0b-58bf-4efd-92cc-5891c5d38547/execute {"script":"return navigator.sayswho= (function() { var ua= navigator.userAgent, tem, M= ua.match(/(opera|chrome|safari|firefox|msie|trident)\\/?\\s*(\\.?\\d+(\\.\\d+)*)/i) || []; if (/trident/i.test(M[1])) {     tem=  /\\brv[ :]+(\\d+)/g.exec(ua) || [];     return 'IE '+(tem[1] || ''); } if(M[1]=== 'Chrome') {     tem= ua.match(/\b(OPR|Edge)\\/(\\d+)/);     if(tem!= null) return tem.slice(1).join(' ').replace('OPR', 'Opera'); } M= M[2]? [M[1], M[2]]: [navigator.appName, navigator.appVersion, '-?']; if((tem= ua.match(/version\\/(\\d+)/i))!= null) M.splice(1, 1, tem[1]); return M.join(' ').replace('MSIE', 'IE');})();","args":[]}
[MJSONWP] Driver proxy active, passing request on via HTTP proxy
[JSONWP Proxy] Replacing sessionId 8f1fcad81e30c613c217ebd9ee2d0aae with 50233a0b-58bf-4efd-92cc-5891c5d38547
[HTTP] <-- POST /wd/hub/session/50233a0b-58bf-4efd-92cc-5891c5d38547/execute 200 119 ms - 94 
[HTTP] --> POST /wd/hub/session/50233a0b-58bf-4efd-92cc-5891c5d38547/url {"url":"https://epdonline.herokuapp.com/"}
[MJSONWP] Driver proxy active, passing request on via HTTP proxy
[JSONWP Proxy] Replacing sessionId 8f1fcad81e30c613c217ebd9ee2d0aae with 50233a0b-58bf-4efd-92cc-5891c5d38547
[HTTP] <-- POST /wd/hub/session/50233a0b-58bf-4efd-92cc-5891c5d38547/url 200 812 ms - 76 
[HTTP] --> POST /wd/hub/session/50233a0b-58bf-4efd-92cc-5891c5d38547/elements {"using":"xpath","value":"//a[@href = '/site/menu?hospital=A' and (text() = 'Open EPD\n\n' or . = 'Open EPD\n\n')]"}
[MJSONWP] Driver proxy active, passing request on via HTTP proxy
[JSONWP Proxy] Replacing sessionId 8f1fcad81e30c613c217ebd9ee2d0aae with 50233a0b-58bf-4efd-92cc-5891c5d38547
[HTTP] <-- POST /wd/hub/session/50233a0b-58bf-4efd-92cc-5891c5d38547/elements 200 65 ms - 107 
[HTTP] --> GET /wd/hub/session/50233a0b-58bf-4efd-92cc-5891c5d38547 {}
[MJSONWP] Driver proxy active, passing request on via HTTP proxy
[JSONWP Proxy] Replacing sessionId 8f1fcad81e30c613c217ebd9ee2d0aae with 50233a0b-58bf-4efd-92cc-5891c5d38547
[HTTP] <-- GET /wd/hub/session/50233a0b-58bf-4efd-92cc-5891c5d38547 200 5 ms - 691 
[HTTP] --> GET /wd/hub/session/50233a0b-58bf-4efd-92cc-5891c5d38547 {}
[MJSONWP] Driver proxy active, passing request on via HTTP proxy
[JSONWP Proxy] Replacing sessionId 8f1fcad81e30c613c217ebd9ee2d0aae with 50233a0b-58bf-4efd-92cc-5891c5d38547
[HTTP] <-- GET /wd/hub/session/50233a0b-58bf-4efd-92cc-5891c5d38547 200 4 ms - 691 
[HTTP] --> GET /wd/hub/session/50233a0b-58bf-4efd-92cc-5891c5d38547 {}
[MJSONWP] Driver proxy active, passing request on via HTTP proxy
[JSONWP Proxy] Replacing sessionId 8f1fcad81e30c613c217ebd9ee2d0aae with 50233a0b-58bf-4efd-92cc-5891c5d38547
[HTTP] <-- GET /wd/hub/session/50233a0b-58bf-4efd-92cc-5891c5d38547 200 4 ms - 691 
[HTTP] --> GET /wd/hub/session/50233a0b-58bf-4efd-92cc-5891c5d38547 {}
[MJSONWP] Driver proxy active, passing request on via HTTP proxy
[JSONWP Proxy] Replacing sessionId 8f1fcad81e30c613c217ebd9ee2d0aae with 50233a0b-58bf-4efd-92cc-5891c5d38547
[HTTP] <-- GET /wd/hub/session/50233a0b-58bf-4efd-92cc-5891c5d38547 200 4 ms - 691 
[HTTP] --> GET /wd/hub/session/50233a0b-58bf-4efd-92cc-5891c5d38547 {}
[MJSONWP] Driver proxy active, passing request on via HTTP proxy
[JSONWP Proxy] Replacing sessionId 8f1fcad81e30c613c217ebd9ee2d0aae with 50233a0b-58bf-4efd-92cc-5891c5d38547
[HTTP] <-- GET /wd/hub/session/50233a0b-58bf-4efd-92cc-5891c5d38547 200 4 ms - 691 
[HTTP] --> GET /wd/hub/session/50233a0b-58bf-4efd-92cc-5891c5d38547 {}
[MJSONWP] Driver proxy active, passing request on via HTTP proxy
[JSONWP Proxy] Replacing sessionId 8f1fcad81e30c613c217ebd9ee2d0aae with 50233a0b-58bf-4efd-92cc-5891c5d38547
[HTTP] <-- GET /wd/hub/session/50233a0b-58bf-4efd-92cc-5891c5d38547 200 4 ms - 691 
[HTTP] --> POST /wd/hub/session/50233a0b-58bf-4efd-92cc-5891c5d38547/element/0.157822994953434-1/click {"id":"0.157822994953434-1"}
[MJSONWP] Driver proxy active, passing request on via HTTP proxy
[JSONWP Proxy] Replacing sessionId 8f1fcad81e30c613c217ebd9ee2d0aae with 50233a0b-58bf-4efd-92cc-5891c5d38547
[HTTP] <-- POST /wd/hub/session/50233a0b-58bf-4efd-92cc-5891c5d38547/element/0.157822994953434-1/click 200 218 ms - 76 
[HTTP] --> POST /wd/hub/session/50233a0b-58bf-4efd-92cc-5891c5d38547/elements {"using":"xpath","value":"//a[@href = '/patients?hospital=A' and (text() = 'Overzicht patienten\n\n' or . = 'Overzicht patienten\n\n')]"}
[MJSONWP] Driver proxy active, passing request on via HTTP proxy
[JSONWP Proxy] Replacing sessionId 8f1fcad81e30c613c217ebd9ee2d0aae with 50233a0b-58bf-4efd-92cc-5891c5d38547
[HTTP] <-- POST /wd/hub/session/50233a0b-58bf-4efd-92cc-5891c5d38547/elements 200 55 ms - 74 
[HTTP] --> POST /wd/hub/session/50233a0b-58bf-4efd-92cc-5891c5d38547/elements {"using":"xpath","value":"//a[@href = '/patients?hospital=A' and (text() = 'Overzicht patienten\n\n' or . = 'Overzicht patienten\n\n')]"}
[MJSONWP] Driver proxy active, passing request on via HTTP proxy
[JSONWP Proxy] Replacing sessionId 8f1fcad81e30c613c217ebd9ee2d0aae with 50233a0b-58bf-4efd-92cc-5891c5d38547
[HTTP] <-- POST /wd/hub/session/50233a0b-58bf-4efd-92cc-5891c5d38547/elements 200 26 ms - 107 
[HTTP] --> GET /wd/hub/session/50233a0b-58bf-4efd-92cc-5891c5d38547 {}
[MJSONWP] Driver proxy active, passing request on via HTTP proxy
[JSONWP Proxy] Replacing sessionId 8f1fcad81e30c613c217ebd9ee2d0aae with 50233a0b-58bf-4efd-92cc-5891c5d38547
[HTTP] <-- GET /wd/hub/session/50233a0b-58bf-4efd-92cc-5891c5d38547 200 4 ms - 691 
[HTTP] --> GET /wd/hub/session/50233a0b-58bf-4efd-92cc-5891c5d38547 {}
[MJSONWP] Driver proxy active, passing request on via HTTP proxy
[JSONWP Proxy] Replacing sessionId 8f1fcad81e30c613c217ebd9ee2d0aae with 50233a0b-58bf-4efd-92cc-5891c5d38547
[HTTP] <-- GET /wd/hub/session/50233a0b-58bf-4efd-92cc-5891c5d38547 200 4 ms - 691 
[HTTP] --> GET /wd/hub/session/50233a0b-58bf-4efd-92cc-5891c5d38547 {}
[MJSONWP] Driver proxy active, passing request on via HTTP proxy
[JSONWP Proxy] Replacing sessionId 8f1fcad81e30c613c217ebd9ee2d0aae with 50233a0b-58bf-4efd-92cc-5891c5d38547
[HTTP] <-- GET /wd/hub/session/50233a0b-58bf-4efd-92cc-5891c5d38547 200 4 ms - 691 
[HTTP] --> GET /wd/hub/session/50233a0b-58bf-4efd-92cc-5891c5d38547 {}
[MJSONWP] Driver proxy active, passing request on via HTTP proxy
[JSONWP Proxy] Replacing sessionId 8f1fcad81e30c613c217ebd9ee2d0aae with 50233a0b-58bf-4efd-92cc-5891c5d38547
[HTTP] <-- GET /wd/hub/session/50233a0b-58bf-4efd-92cc-5891c5d38547 200 4 ms - 691 
[HTTP] --> GET /wd/hub/session/50233a0b-58bf-4efd-92cc-5891c5d38547 {}
[MJSONWP] Driver proxy active, passing request on via HTTP proxy
[JSONWP Proxy] Replacing sessionId 8f1fcad81e30c613c217ebd9ee2d0aae with 50233a0b-58bf-4efd-92cc-5891c5d38547
[HTTP] <-- GET /wd/hub/session/50233a0b-58bf-4efd-92cc-5891c5d38547 200 4 ms - 691 
[HTTP] --> GET /wd/hub/session/50233a0b-58bf-4efd-92cc-5891c5d38547 {}
[MJSONWP] Driver proxy active, passing request on via HTTP proxy
[JSONWP Proxy] Replacing sessionId 8f1fcad81e30c613c217ebd9ee2d0aae with 50233a0b-58bf-4efd-92cc-5891c5d38547
[HTTP] <-- GET /wd/hub/session/50233a0b-58bf-4efd-92cc-5891c5d38547 200 4 ms - 691 
[HTTP] --> POST /wd/hub/session/50233a0b-58bf-4efd-92cc-5891c5d38547/element/0.157822994953434-2/click {"id":"0.157822994953434-2"}
[MJSONWP] Driver proxy active, passing request on via HTTP proxy
[JSONWP Proxy] Replacing sessionId 8f1fcad81e30c613c217ebd9ee2d0aae with 50233a0b-58bf-4efd-92cc-5891c5d38547
[HTTP] <-- POST /wd/hub/session/50233a0b-58bf-4efd-92cc-5891c5d38547/element/0.157822994953434-2/click 200 289 ms - 76 
[HTTP] --> POST /wd/hub/session/50233a0b-58bf-4efd-92cc-5891c5d38547/element {"using":"tag name","value":"body"}
[MJSONWP] Driver proxy active, passing request on via HTTP proxy
[JSONWP Proxy] Replacing sessionId 8f1fcad81e30c613c217ebd9ee2d0aae with 50233a0b-58bf-4efd-92cc-5891c5d38547
[HTTP] <-- POST /wd/hub/session/50233a0b-58bf-4efd-92cc-5891c5d38547/element 200 130 ms - 105 
[HTTP] --> GET /wd/hub/session/50233a0b-58bf-4efd-92cc-5891c5d38547 {}
[MJSONWP] Driver proxy active, passing request on via HTTP proxy
[JSONWP Proxy] Replacing sessionId 8f1fcad81e30c613c217ebd9ee2d0aae with 50233a0b-58bf-4efd-92cc-5891c5d38547
[HTTP] <-- GET /wd/hub/session/50233a0b-58bf-4efd-92cc-5891c5d38547 200 5 ms - 691 
[HTTP] --> GET /wd/hub/session/50233a0b-58bf-4efd-92cc-5891c5d38547 {}
[MJSONWP] Driver proxy active, passing request on via HTTP proxy
[JSONWP Proxy] Replacing sessionId 8f1fcad81e30c613c217ebd9ee2d0aae with 50233a0b-58bf-4efd-92cc-5891c5d38547
[HTTP] <-- GET /wd/hub/session/50233a0b-58bf-4efd-92cc-5891c5d38547 200 3 ms - 691 
[HTTP] --> GET /wd/hub/session/50233a0b-58bf-4efd-92cc-5891c5d38547 {}
[MJSONWP] Driver proxy active, passing request on via HTTP proxy
[JSONWP Proxy] Replacing sessionId 8f1fcad81e30c613c217ebd9ee2d0aae with 50233a0b-58bf-4efd-92cc-5891c5d38547
[HTTP] <-- GET /wd/hub/session/50233a0b-58bf-4efd-92cc-5891c5d38547 200 4 ms - 691 
[HTTP] --> GET /wd/hub/session/50233a0b-58bf-4efd-92cc-5891c5d38547 {}
[MJSONWP] Driver proxy active, passing request on via HTTP proxy
[JSONWP Proxy] Replacing sessionId 8f1fcad81e30c613c217ebd9ee2d0aae with 50233a0b-58bf-4efd-92cc-5891c5d38547
[HTTP] <-- GET /wd/hub/session/50233a0b-58bf-4efd-92cc-5891c5d38547 200 4 ms - 691 
[HTTP] --> GET /wd/hub/session/50233a0b-58bf-4efd-92cc-5891c5d38547 {}
[MJSONWP] Driver proxy active, passing request on via HTTP proxy
[JSONWP Proxy] Replacing sessionId 8f1fcad81e30c613c217ebd9ee2d0aae with 50233a0b-58bf-4efd-92cc-5891c5d38547
[HTTP] <-- GET /wd/hub/session/50233a0b-58bf-4efd-92cc-5891c5d38547 200 3 ms - 691 
[HTTP] --> GET /wd/hub/session/50233a0b-58bf-4efd-92cc-5891c5d38547 {}
[MJSONWP] Driver proxy active, passing request on via HTTP proxy
[JSONWP Proxy] Replacing sessionId 8f1fcad81e30c613c217ebd9ee2d0aae with 50233a0b-58bf-4efd-92cc-5891c5d38547
[HTTP] <-- GET /wd/hub/session/50233a0b-58bf-4efd-92cc-5891c5d38547 200 4 ms - 691 
[HTTP] --> GET /wd/hub/session/50233a0b-58bf-4efd-92cc-5891c5d38547/element/0.157822994953434-3/text {}
[MJSONWP] Driver proxy active, passing request on via HTTP proxy
[JSONWP Proxy] Replacing sessionId 8f1fcad81e30c613c217ebd9ee2d0aae with 50233a0b-58bf-4efd-92cc-5891c5d38547
[HTTP] <-- GET /wd/hub/session/50233a0b-58bf-4efd-92cc-5891c5d38547/element/0.157822994953434-3/text 200 78 ms - 320 
[HTTP] --> GET /wd/hub/session/50233a0b-58bf-4efd-92cc-5891c5d38547/screenshot {}
[MJSONWP] Driver proxy active, passing request on via HTTP proxy
[JSONWP Proxy] Replacing sessionId 8f1fcad81e30c613c217ebd9ee2d0aae with 50233a0b-58bf-4efd-92cc-5891c5d38547
[HTTP] <-- GET /wd/hub/session/50233a0b-58bf-4efd-92cc-5891c5d38547/screenshot 200 565 ms - 147422 
[HTTP] --> DELETE /wd/hub/session/50233a0b-58bf-4efd-92cc-5891c5d38547 {}
[Appium] Removing session 50233a0b-58bf-4efd-92cc-5891c5d38547 from our master session list
[ADB] No uiautomator process found to kill, continuing...
[HTTP] <-- DELETE /wd/hub/session/50233a0b-58bf-4efd-92cc-5891c5d38547 200 3583 ms - 76 
