<?xml version="1.0" encoding="UTF-8" standalone="no"?>
<!DOCTYPE log SYSTEM "logger.dtd">
<log>
<record>
  <date>2018-03-18T13:16:17</date>
  <millis>1521375377348</millis>
  <sequence>0</sequence>
  <level>START</level>
  <class>com.kms.katalon.core.logging.KeywordLogger</class>
  <method>startSuite</method>
  <thread>1</thread>
  <message>Start Test Suite : Test Suites/TS_DemoEPD</message>
  <nestedLevel>0</nestedLevel>
  <property name="name">TS_DemoEPD</property>
  <property name="description"></property>
  <property name="id">Test Suites/TS_DemoEPD</property>
</record>
<record>
  <date>2018-03-18T13:16:17</date>
  <millis>1521375377371</millis>
  <sequence>1</sequence>
  <level>RUN_DATA</level>
  <class>com.kms.katalon.core.logging.KeywordLogger</class>
  <method>logMessage</method>
  <thread>1</thread>
  <message>Logging run data &amp;apos;hostName&amp;apos; with value &amp;apos;mslin - menLap&amp;apos;</message>
  <nestedLevel>0</nestedLevel>
  <property name="hostName">mslin - menLap</property>
</record>
<record>
  <date>2018-03-18T13:16:17</date>
  <millis>1521375377371</millis>
  <sequence>2</sequence>
  <level>RUN_DATA</level>
  <class>com.kms.katalon.core.logging.KeywordLogger</class>
  <method>logMessage</method>
  <thread>1</thread>
  <message>Logging run data &amp;apos;os&amp;apos; with value &amp;apos;Windows 10 64bit&amp;apos;</message>
  <nestedLevel>0</nestedLevel>
  <property name="os">Windows 10 64bit</property>
</record>
<record>
  <date>2018-03-18T13:16:17</date>
  <millis>1521375377372</millis>
  <sequence>3</sequence>
  <level>RUN_DATA</level>
  <class>com.kms.katalon.core.logging.KeywordLogger</class>
  <method>logMessage</method>
  <thread>1</thread>
  <message>Logging run data &amp;apos;hostAddress&amp;apos; with value &amp;apos;192.168.99.1&amp;apos;</message>
  <nestedLevel>0</nestedLevel>
  <property name="hostAddress">192.168.99.1</property>
</record>
<record>
  <date>2018-03-18T13:16:17</date>
  <millis>1521375377373</millis>
  <sequence>4</sequence>
  <level>RUN_DATA</level>
  <class>com.kms.katalon.core.logging.KeywordLogger</class>
  <method>logMessage</method>
  <thread>1</thread>
  <message>Logging run data &amp;apos;katalonVersion&amp;apos; with value &amp;apos;5.3.0.1&amp;apos;</message>
  <nestedLevel>0</nestedLevel>
  <property name="katalonVersion">5.3.0.1</property>
</record>
<record>
  <date>2018-03-18T13:16:17</date>
  <millis>1521375377662</millis>
  <sequence>5</sequence>
  <level>START</level>
  <class>com.kms.katalon.core.logging.KeywordLogger</class>
  <method>startTest</method>
  <thread>1</thread>
  <message>Start Test Case : Test Cases/EPD/Test Cases/TC_MaakPatientAan_ControleerPatient_VoegBehandelingToe_VerwijderPatient</message>
  <nestedLevel>1</nestedLevel>
  <property name="name">Test Cases/EPD/Test Cases/TC_MaakPatientAan_ControleerPatient_VoegBehandelingToe_VerwijderPatient</property>
  <property name="description"></property>
  <property name="id">Test Cases/EPD/Test Cases/TC_MaakPatientAan_ControleerPatient_VoegBehandelingToe_VerwijderPatient</property>
  <property name="source">C:\\Users\\mslin\\katalonstudio\\sampleWeb\\Test Cases\\EPD\\Test Cases\\TC_MaakPatientAan_ControleerPatient_VoegBehandelingToe_VerwijderPatient.tc</property>
  <property name="isOptional">false</property>
</record>
<record>
  <date>2018-03-18T13:16:17</date>
  <millis>1521375377690</millis>
  <sequence>6</sequence>
  <level>INFO</level>
  <class>com.kms.katalon.core.logging.KeywordLogger</class>
  <method>logMessage</method>
  <thread>1</thread>
  <message>Evaluating variables for test case</message>
  <nestedLevel>1</nestedLevel>
</record>
<record>
  <date>2018-03-18T13:16:17</date>
  <millis>1521375377692</millis>
  <sequence>7</sequence>
  <level>INFO</level>
  <class>com.kms.katalon.core.logging.KeywordLogger</class>
  <method>logMessage</method>
  <thread>1</thread>
  <message>Variable &amp;apos;behandeling_dag&amp;apos; is set to 18</message>
  <nestedLevel>1</nestedLevel>
</record>
<record>
  <date>2018-03-18T13:16:17</date>
  <millis>1521375377693</millis>
  <sequence>8</sequence>
  <level>INFO</level>
  <class>com.kms.katalon.core.logging.KeywordLogger</class>
  <method>logMessage</method>
  <thread>1</thread>
  <message>Variable &amp;apos;behandeling_maand&amp;apos; is set to 6</message>
  <nestedLevel>1</nestedLevel>
</record>
<record>
  <date>2018-03-18T13:16:17</date>
  <millis>1521375377693</millis>
  <sequence>9</sequence>
  <level>INFO</level>
  <class>com.kms.katalon.core.logging.KeywordLogger</class>
  <method>logMessage</method>
  <thread>1</thread>
  <message>Variable &amp;apos;behandeling_jaar&amp;apos; is set to 2020</message>
  <nestedLevel>1</nestedLevel>
</record>
<record>
  <date>2018-03-18T13:16:17</date>
  <millis>1521375377694</millis>
  <sequence>10</sequence>
  <level>INFO</level>
  <class>com.kms.katalon.core.logging.KeywordLogger</class>
  <method>logMessage</method>
  <thread>1</thread>
  <message>Variable &amp;apos;type&amp;apos; is set to Opname</message>
  <nestedLevel>1</nestedLevel>
</record>
<record>
  <date>2018-03-18T13:16:17</date>
  <millis>1521375377695</millis>
  <sequence>11</sequence>
  <level>INFO</level>
  <class>com.kms.katalon.core.logging.KeywordLogger</class>
  <method>logMessage</method>
  <thread>1</thread>
  <message>Variable &amp;apos;behandelaar&amp;apos; is set to Dokter anders</message>
  <nestedLevel>1</nestedLevel>
</record>
<record>
  <date>2018-03-18T13:16:17</date>
  <millis>1521375377695</millis>
  <sequence>12</sequence>
  <level>INFO</level>
  <class>com.kms.katalon.core.logging.KeywordLogger</class>
  <method>logMessage</method>
  <thread>1</thread>
  <message>Variable &amp;apos;naam_behandeling&amp;apos; is set to Knie operatie</message>
  <nestedLevel>1</nestedLevel>
</record>
<record>
  <date>2018-03-18T13:16:17</date>
  <millis>1521375377698</millis>
  <sequence>13</sequence>
  <level>INFO</level>
  <class>com.kms.katalon.core.logging.KeywordLogger</class>
  <method>logMessage</method>
  <thread>1</thread>
  <message>Variable &amp;apos;afdeling&amp;apos; is set to Chirurgie</message>
  <nestedLevel>1</nestedLevel>
</record>
<record>
  <date>2018-03-18T13:16:17</date>
  <millis>1521375377699</millis>
  <sequence>14</sequence>
  <level>INFO</level>
  <class>com.kms.katalon.core.logging.KeywordLogger</class>
  <method>logMessage</method>
  <thread>1</thread>
  <message>Variable &amp;apos;urgentie&amp;apos; is set to Normaal</message>
  <nestedLevel>1</nestedLevel>
</record>
<record>
  <date>2018-03-18T13:16:17</date>
  <millis>1521375377927</millis>
  <sequence>15</sequence>
  <level>START</level>
  <class>com.kms.katalon.core.logging.KeywordLogger</class>
  <method>startKeyword</method>
  <thread>1</thread>
  <message>Start action : callTestCase</message>
  <nestedLevel>1</nestedLevel>
  <property name="startLine">23</property>
  <property name="stepIndex">1</property>
</record>
<record>
  <date>2018-03-18T13:16:17</date>
  <millis>1521375377966</millis>
  <sequence>16</sequence>
  <level>INFO</level>
  <class>com.kms.katalon.core.logging.KeywordLogger</class>
  <method>logMessage</method>
  <thread>1</thread>
  <message>Checking called Test Case</message>
  <nestedLevel>1</nestedLevel>
</record>
<record>
  <date>2018-03-18T13:16:17</date>
  <millis>1521375377966</millis>
  <sequence>17</sequence>
  <level>INFO</level>
  <class>com.kms.katalon.core.logging.KeywordLogger</class>
  <method>logMessage</method>
  <thread>1</thread>
  <message>Starting to call Test Case &amp;apos;Test Cases/EPD/Components/Rest/MaakPatientAanVoorZiekenhuisA&amp;apos;</message>
  <nestedLevel>1</nestedLevel>
</record>
<record>
  <date>2018-03-18T13:16:18</date>
  <millis>1521375378019</millis>
  <sequence>18</sequence>
  <level>START</level>
  <class>com.kms.katalon.core.logging.KeywordLogger</class>
  <method>startTest</method>
  <thread>1</thread>
  <message>Start Test Case : Test Cases/EPD/Components/Rest/MaakPatientAanVoorZiekenhuisA</message>
  <nestedLevel>2</nestedLevel>
  <property name="name">Test Cases/EPD/Components/Rest/MaakPatientAanVoorZiekenhuisA</property>
  <property name="description"></property>
  <property name="id">Test Cases/EPD/Components/Rest/MaakPatientAanVoorZiekenhuisA</property>
  <property name="source">C:\\Users\\mslin\\katalonstudio\\sampleWeb\\Test Cases\\EPD\\Components\\Rest\\MaakPatientAanVoorZiekenhuisA.tc</property>
  <property name="isOptional">false</property>
</record>
<record>
  <date>2018-03-18T13:16:18</date>
  <millis>1521375378026</millis>
  <sequence>19</sequence>
  <level>INFO</level>
  <class>com.kms.katalon.core.logging.KeywordLogger</class>
  <method>logMessage</method>
  <thread>1</thread>
  <message>Evaluating variables for test case</message>
  <nestedLevel>2</nestedLevel>
</record>
<record>
  <date>2018-03-18T13:16:18</date>
  <millis>1521375378112</millis>
  <sequence>20</sequence>
  <level>START</level>
  <class>com.kms.katalon.core.logging.KeywordLogger</class>
  <method>startKeyword</method>
  <thread>1</thread>
  <message>Start action : Statement - response = com.kms.katalon.core.webservice.keyword.WSBuiltInKeywords.sendRequest(com.kms.katalon.core.testobject.ObjectRepository.findTestObject(EPD/Rest/REST_postPatientDeTesterForHospitalA))</message>
  <nestedLevel>1</nestedLevel>
  <property name="startLine">22</property>
  <property name="stepIndex">1</property>
</record>
<record>
  <date>2018-03-18T13:16:18</date>
  <millis>1521375378118</millis>
  <sequence>21</sequence>
  <level>INFO</level>
  <class>com.kms.katalon.core.logging.KeywordLogger</class>
  <method>logMessage</method>
  <thread>1</thread>
  <message>Finding Test Object with id &amp;apos;Object Repository/EPD/Rest/REST_postPatientDeTesterForHospitalA&amp;apos;</message>
  <nestedLevel>2</nestedLevel>
</record>
<record>
  <date>2018-03-18T13:16:18</date>
  <millis>1521375378150</millis>
  <sequence>22</sequence>
  <level>INFO</level>
  <class>com.kms.katalon.core.logging.KeywordLogger</class>
  <method>logMessage</method>
  <thread>1</thread>
  <message>Checking request object</message>
  <nestedLevel>2</nestedLevel>
</record>
<record>
  <date>2018-03-18T13:16:19</date>
  <millis>1521375379103</millis>
  <sequence>23</sequence>
  <level>PASSED</level>
  <class>com.kms.katalon.core.logging.KeywordLogger</class>
  <method>logMessage</method>
  <thread>1</thread>
  <message>Send request successfully</message>
  <nestedLevel>2</nestedLevel>
</record>
<record>
  <date>2018-03-18T13:16:19</date>
  <millis>1521375379103</millis>
  <sequence>24</sequence>
  <level>END</level>
  <class>com.kms.katalon.core.logging.KeywordLogger</class>
  <method>endKeyword</method>
  <thread>1</thread>
  <message>End action : Statement - response = com.kms.katalon.core.webservice.keyword.WSBuiltInKeywords.sendRequest(com.kms.katalon.core.testobject.ObjectRepository.findTestObject(EPD/Rest/REST_postPatientDeTesterForHospitalA))</message>
  <nestedLevel>1</nestedLevel>
</record>
<record>
  <date>2018-03-18T13:16:19</date>
  <millis>1521375379104</millis>
  <sequence>25</sequence>
  <level>START</level>
  <class>com.kms.katalon.core.logging.KeywordLogger</class>
  <method>startKeyword</method>
  <thread>1</thread>
  <message>Start action : Statement - println(response)</message>
  <nestedLevel>1</nestedLevel>
  <property name="startLine">24</property>
  <property name="stepIndex">2</property>
</record>
<record>
  <date>2018-03-18T13:16:19</date>
  <millis>1521375379107</millis>
  <sequence>26</sequence>
  <level>END</level>
  <class>com.kms.katalon.core.logging.KeywordLogger</class>
  <method>endKeyword</method>
  <thread>1</thread>
  <message>End action : Statement - println(response)</message>
  <nestedLevel>1</nestedLevel>
</record>
<record>
  <date>2018-03-18T13:16:19</date>
  <millis>1521375379107</millis>
  <sequence>27</sequence>
  <level>PASSED</level>
  <class>com.kms.katalon.core.logging.KeywordLogger</class>
  <method>logMessage</method>
  <thread>1</thread>
  <message>Test Cases/EPD/Components/Rest/MaakPatientAanVoorZiekenhuisA</message>
  <nestedLevel>2</nestedLevel>
</record>
<record>
  <date>2018-03-18T13:16:19</date>
  <millis>1521375379108</millis>
  <sequence>28</sequence>
  <level>END</level>
  <class>com.kms.katalon.core.logging.KeywordLogger</class>
  <method>endTest</method>
  <thread>1</thread>
  <message>End Test Case : Test Cases/EPD/Components/Rest/MaakPatientAanVoorZiekenhuisA</message>
  <nestedLevel>1</nestedLevel>
</record>
<record>
  <date>2018-03-18T13:16:19</date>
  <millis>1521375379113</millis>
  <sequence>29</sequence>
  <level>PASSED</level>
  <class>com.kms.katalon.core.logging.KeywordLogger</class>
  <method>logMessage</method>
  <thread>1</thread>
  <message>Call Test Case &amp;apos;Test Cases/EPD/Components/Rest/MaakPatientAanVoorZiekenhuisA&amp;apos; successfully</message>
  <nestedLevel>1</nestedLevel>
</record>
<record>
  <date>2018-03-18T13:16:19</date>
  <millis>1521375379114</millis>
  <sequence>30</sequence>
  <level>END</level>
  <class>com.kms.katalon.core.logging.KeywordLogger</class>
  <method>endKeyword</method>
  <thread>1</thread>
  <message>End action : callTestCase</message>
  <nestedLevel>1</nestedLevel>
</record>
<record>
  <date>2018-03-18T13:16:19</date>
  <millis>1521375379115</millis>
  <sequence>31</sequence>
  <level>START</level>
  <class>com.kms.katalon.core.logging.KeywordLogger</class>
  <method>startKeyword</method>
  <thread>1</thread>
  <message>Start action : callTestCase</message>
  <nestedLevel>1</nestedLevel>
  <property name="startLine">25</property>
  <property name="stepIndex">2</property>
</record>
<record>
  <date>2018-03-18T13:16:19</date>
  <millis>1521375379118</millis>
  <sequence>32</sequence>
  <level>INFO</level>
  <class>com.kms.katalon.core.logging.KeywordLogger</class>
  <method>logMessage</method>
  <thread>1</thread>
  <message>Checking called Test Case</message>
  <nestedLevel>1</nestedLevel>
</record>
<record>
  <date>2018-03-18T13:16:19</date>
  <millis>1521375379119</millis>
  <sequence>33</sequence>
  <level>INFO</level>
  <class>com.kms.katalon.core.logging.KeywordLogger</class>
  <method>logMessage</method>
  <thread>1</thread>
  <message>Starting to call Test Case &amp;apos;Test Cases/EPD/Components/UI/StartBrowser&amp;apos;</message>
  <nestedLevel>1</nestedLevel>
</record>
<record>
  <date>2018-03-18T13:16:19</date>
  <millis>1521375379171</millis>
  <sequence>34</sequence>
  <level>START</level>
  <class>com.kms.katalon.core.logging.KeywordLogger</class>
  <method>startTest</method>
  <thread>1</thread>
  <message>Start Test Case : Test Cases/EPD/Components/UI/StartBrowser</message>
  <nestedLevel>2</nestedLevel>
  <property name="name">Test Cases/EPD/Components/UI/StartBrowser</property>
  <property name="description"></property>
  <property name="id">Test Cases/EPD/Components/UI/StartBrowser</property>
  <property name="source">C:\\Users\\mslin\\katalonstudio\\sampleWeb\\Test Cases\\EPD\\Components\\UI\\StartBrowser.tc</property>
  <property name="isOptional">false</property>
</record>
<record>
  <date>2018-03-18T13:16:19</date>
  <millis>1521375379176</millis>
  <sequence>35</sequence>
  <level>INFO</level>
  <class>com.kms.katalon.core.logging.KeywordLogger</class>
  <method>logMessage</method>
  <thread>1</thread>
  <message>Evaluating variables for test case</message>
  <nestedLevel>2</nestedLevel>
</record>
<record>
  <date>2018-03-18T13:16:19</date>
  <millis>1521375379276</millis>
  <sequence>36</sequence>
  <level>START</level>
  <class>com.kms.katalon.core.logging.KeywordLogger</class>
  <method>startKeyword</method>
  <thread>1</thread>
  <message>Start action : openBrowser</message>
  <nestedLevel>1</nestedLevel>
  <property name="startLine">23</property>
  <property name="stepIndex">1</property>
</record>
<record>
  <date>2018-03-18T13:16:19</date>
  <millis>1521375379529</millis>
  <sequence>37</sequence>
  <level>INFO</level>
  <class>com.kms.katalon.core.logging.KeywordLogger</class>
  <method>logMessage</method>
  <thread>1</thread>
  <message>Opening browser</message>
  <nestedLevel>2</nestedLevel>
</record>
<record>
  <date>2018-03-18T13:16:19</date>
  <millis>1521375379537</millis>
  <sequence>38</sequence>
  <level>INFO</level>
  <class>com.kms.katalon.core.logging.KeywordLogger</class>
  <method>logMessage</method>
  <thread>1</thread>
  <message>Starting &amp;apos;Android&amp;apos; driver</message>
  <nestedLevel>2</nestedLevel>
</record>
<record>
  <date>2018-03-18T13:16:23</date>
  <millis>1521375383692</millis>
  <sequence>39</sequence>
  <level>INFO</level>
  <class>com.kms.katalon.core.logging.KeywordLogger</class>
  <method>logMessage</method>
  <thread>1</thread>
  <message>Appium server started on port 11.012</message>
  <nestedLevel>2</nestedLevel>
</record>
